<?xml version="1.0" encoding="UTF-8"?>
<!-- Generated by org.testng.reporters.JUnitReportReporter -->
<testsuite hostname="LAPTOP-7370JH3G" failures="0" tests="1" name="demogrid.GridTest" time="3.248" errors="0" timestamp="2022-06-17T16:21:16 IST" skipped="0">
  <testcase classname="demogrid.GridTest" name="chrome" time="3.248"/>
  <system-out/>
</testsuite> <!-- demogrid.GridTest -->
