<?xml version="1.0" encoding="UTF-8"?>
<!-- Generated by org.testng.reporters.JUnitReportReporter -->
<testsuite hostname="LAPTOP-7370JH3G" failures="0" tests="1" name="testngassignment.AmazonLoginTest" time="0.183" errors="0" timestamp="2022-06-09T15:16:13 IST" skipped="0">
  <testcase classname="testngassignment.AmazonLoginTest" name="validAccount" time="0.183"/>
  <system-out/>
</testsuite> <!-- testngassignment.AmazonLoginTest -->
