<?xml version="1.0" encoding="UTF-8"?>
<!-- Generated by org.testng.reporters.JUnitReportReporter -->
<testsuite hostname="LAPTOP-7370JH3G" failures="0" tests="1" name="testngassignment.RediffLoginParametersTest" time="1.458" errors="0" timestamp="2022-06-10T14:25:19 IST" skipped="0">
  <testcase classname="testngassignment.RediffLoginParametersTest" name="validLogin" time="1.458"/>
  <system-out/>
</testsuite> <!-- testngassignment.RediffLoginParametersTest -->
