<?xml version="1.0" encoding="UTF-8"?>
<!-- Generated by org.testng.reporters.JUnitReportReporter -->
<testsuite hostname="LAPTOP-7370JH3G" failures="0" tests="1" name="testng.RediffLoginTest" time="7.230" errors="0" timestamp="2022-06-09T16:26:42 IST" skipped="0">
  <testcase classname="testng.RediffLoginTest" name="validLogin" time="7.230"/>
  <system-out/>
</testsuite> <!-- testng.RediffLoginTest -->
